GROUP,PACKAGE,CLASS,INSTRUCTION_MISSED,INSTRUCTION_COVERED,BRANCH_MISSED,BRANCH_COVERED,LINE_MISSED,LINE_COVERED,COMPLEXITY_MISSED,COMPLEXITY_COVERED,METHOD_MISSED,METHOD_COVERED
conversation-engine,conversation_engine,PendingQuestions,0,83,0,2,0,18,0,10,0,9
conversation-engine,conversation_engine,QuestionTuple,0,15,0,0,0,6,0,3,0,3
conversation-engine,conversation_engine,UserOutput,0,74,0,2,0,22,0,9,0,8
conversation-engine,conversation_engine,ConversationEngine.new TimerTask() {...},0,24,1,1,0,5,1,2,0,2
conversation-engine,conversation_engine,State,0,42,0,4,0,12,0,6,0,4
conversation-engine,conversation_engine,Logging,0,62,0,2,0,22,0,11,0,10
conversation-engine,conversation_engine,Transition,0,15,0,0,0,6,0,3,0,3
conversation-engine,conversation_engine,ConversationEngine,0,1212,5,149,0,342,5,107,0,35
conversation-engine,conversation_engine,GenerateSkillStateMachine,0,373,0,34,0,91,0,26,0,9
conversation-engine,conversation_engine,I18n,0,69,0,4,0,18,0,8,0,6
conversation-engine,conversation_engine,SkillStateMachine,0,183,1,11,0,37,1,14,0,9
